# JRE version: OpenJDK Runtime Environment (8.0_242-b01) (build 1.8.0_242-release-1644-b01)
# Java VM: OpenJDK 64-Bit Server VM (25.242-b01 mixed mode windows-amd64 compressed oops)
Heap:
 PSYoungGen      total 219648K, used 64240K [0x00000000d5580000, 0x00000000e5b80000, 0x0000000100000000)
  eden space 200704K, 32% used [0x00000000d5580000,0x00000000d943c248,0x00000000e1980000)
  from space 18944K, 0% used [0x00000000e2f00000,0x00000000e2f00000,0x00000000e4180000)
  to   space 22016K, 0% used [0x00000000e1980000,0x00000000e1980000,0x00000000e2f00000)
 ParOldGen       total 205824K, used 33229K [0x0000000080000000, 0x000000008c900000, 0x00000000d5580000)
  object space 205824K, 16% used [0x0000000080000000,0x00000000820734d0,0x000000008c900000)
 Metaspace       used 59185K, capacity 61606K, committed 61784K, reserved 1103872K
  class space    used 7806K, capacity 8304K, committed 8320K, reserved 1048576K
GC Heap History (10 events):
Event: 5.592 GC heap before
{Heap before GC invocations=9 (full 2):
 PSYoungGen      total 120320K, used 7918K [0x00000000d5580000, 0x00000000e1f00000, 0x0000000100000000)
  eden space 107520K, 0% used [0x00000000d5580000,0x00000000d5580000,0x00000000dbe80000)
  from space 12800K, 61% used [0x00000000dbe80000,0x00000000dc63b9a0,0x00000000dcb00000)
  to   space 12288K, 0% used [0x00000000e1300000,0x00000000e1300000,0x00000000e1f00000)
 ParOldGen       total 92160K, used 7090K [0x0000000080000000, 0x0000000085a00000, 0x00000000d5580000)
  object space 92160K, 7% used [0x0000000080000000,0x00000000806ec830,0x0000000085a00000)
 Metaspace       used 34145K, capacity 35346K, committed 35456K, reserved 1079296K
  class space    used 4608K, capacity 4920K, committed 4992K, reserved 1048576K
Event: 5.637 GC heap after
Heap after GC invocations=9 (full 2):
 PSYoungGen      total 120320K, used 0K [0x00000000d5580000, 0x00000000e1f00000, 0x0000000100000000)
  eden space 107520K, 0% used [0x00000000d5580000,0x00000000d5580000,0x00000000dbe80000)
  from space 12800K, 0% used [0x00000000dbe80000,0x00000000dbe80000,0x00000000dcb00000)
  to   space 12288K, 0% used [0x00000000e1300000,0x00000000e1300000,0x00000000e1f00000)
 ParOldGen       total 138240K, used 14381K [0x0000000080000000, 0x0000000088700000, 0x00000000d5580000)
  object space 138240K, 10% used [0x0000000080000000,0x0000000080e0b4b0,0x0000000088700000)
 Metaspace       used 34145K, capacity 35346K, committed 35456K, reserved 1079296K
  class space    used 4608K, capacity 4920K, committed 4992K, reserved 1048576K
}
Event: 7.035 GC heap before
{Heap before GC invocations=10 (full 2):
 PSYoungGen      total 120320K, used 107520K [0x00000000d5580000, 0x00000000e1f00000, 0x0000000100000000)
  eden space 107520K, 100% used [0x00000000d5580000,0x00000000dbe80000,0x00000000dbe80000)
  from space 12800K, 0% used [0x00000000dbe80000,0x00000000dbe80000,0x00000000dcb00000)
  to   space 12288K, 0% used [0x00000000e1300000,0x00000000e1300000,0x00000000e1f00000)
 ParOldGen       total 138240K, used 14381K [0x0000000080000000, 0x0000000088700000, 0x00000000d5580000)
  object space 138240K, 10% used [0x0000000080000000,0x0000000080e0b4b0,0x0000000088700000)
 Metaspace       used 40061K, capacity 41712K, committed 41856K, reserved 1085440K
  class space    used 5390K, capacity 5742K, committed 5760K, reserved 1048576K
Event: 7.043 GC heap after
Heap after GC invocations=10 (full 2):
 PSYoungGen      total 172544K, used 11362K [0x00000000d5580000, 0x00000000e1e80000, 0x0000000100000000)
  eden space 160768K, 0% used [0x00000000d5580000,0x00000000d5580000,0x00000000df280000)
  from space 11776K, 96% used [0x00000000e1300000,0x00000000e1e188f0,0x00000000e1e80000)
  to   space 13312K, 0% used [0x00000000e0480000,0x00000000e0480000,0x00000000e1180000)
 ParOldGen       total 138240K, used 14381K [0x0000000080000000, 0x0000000088700000, 0x00000000d5580000)
  object space 138240K, 10% used [0x0000000080000000,0x0000000080e0b4b0,0x0000000088700000)
 Metaspace       used 40061K, capacity 41712K, committed 41856K, reserved 1085440K
  class space    used 5390K, capacity 5742K, committed 5760K, reserved 1048576K
}
Event: 10.104 GC heap before
{Heap before GC invocations=11 (full 2):
 PSYoungGen      total 172544K, used 172130K [0x00000000d5580000, 0x00000000e1e80000, 0x0000000100000000)
  eden space 160768K, 100% used [0x00000000d5580000,0x00000000df280000,0x00000000df280000)
  from space 11776K, 96% used [0x00000000e1300000,0x00000000e1e188f0,0x00000000e1e80000)
  to   space 13312K, 0% used [0x00000000e0480000,0x00000000e0480000,0x00000000e1180000)
 ParOldGen       total 138240K, used 14381K [0x0000000080000000, 0x0000000088700000, 0x00000000d5580000)
  object space 138240K, 10% used [0x0000000080000000,0x0000000080e0b4b0,0x0000000088700000)
 Metaspace       used 50294K, capacity 52598K, committed 52736K, reserved 1095680K
  class space    used 6687K, capacity 7121K, committed 7168K, reserved 1048576K
Event: 10.117 GC heap after
Heap after GC invocations=11 (full 2):
 PSYoungGen      total 192512K, used 13302K [0x00000000d5580000, 0x00000000e4180000, 0x0000000100000000)
  eden space 179200K, 0% used [0x00000000d5580000,0x00000000d5580000,0x00000000e0480000)
  from space 13312K, 99% used [0x00000000e0480000,0x00000000e117d800,0x00000000e1180000)
  to   space 18944K, 0% used [0x00000000e2f00000,0x00000000e2f00000,0x00000000e4180000)
 ParOldGen       total 138240K, used 24716K [0x0000000080000000, 0x0000000088700000, 0x00000000d5580000)
  object space 138240K, 17% used [0x0000000080000000,0x0000000081823020,0x0000000088700000)
 Metaspace       used 50294K, capacity 52598K, committed 52736K, reserved 1095680K
  class space    used 6687K, capacity 7121K, committed 7168K, reserved 1048576K
}
Event: 11.603 GC heap before
{Heap before GC invocations=12 (full 2):
 PSYoungGen      total 192512K, used 70820K [0x00000000d5580000, 0x00000000e4180000, 0x0000000100000000)
  eden space 179200K, 32% used [0x00000000d5580000,0x00000000d8dabab0,0x00000000e0480000)
  from space 13312K, 99% used [0x00000000e0480000,0x00000000e117d800,0x00000000e1180000)
  to   space 18944K, 0% used [0x00000000e2f00000,0x00000000e2f00000,0x00000000e4180000)
 ParOldGen       total 138240K, used 24716K [0x0000000080000000, 0x0000000088700000, 0x00000000d5580000)
  object space 138240K, 17% used [0x0000000080000000,0x0000000081823020,0x0000000088700000)
 Metaspace       used 56586K, capacity 58960K, committed 59096K, reserved 1099776K
  class space    used 7436K, capacity 7890K, committed 7936K, reserved 1048576K
Event: 11.614 GC heap after
Heap after GC invocations=12 (full 2):
 PSYoungGen      total 219648K, used 18921K [0x00000000d5580000, 0x00000000e5b80000, 0x0000000100000000)
  eden space 200704K, 0% used [0x00000000d5580000,0x00000000d5580000,0x00000000e1980000)
  from space 18944K, 99% used [0x00000000e2f00000,0x00000000e417a5e0,0x00000000e4180000)
  to   space 22016K, 0% used [0x00000000e1980000,0x00000000e1980000,0x00000000e2f00000)
 ParOldGen       total 138240K, used 26062K [0x0000000080000000, 0x0000000088700000, 0x00000000d5580000)
  object space 138240K, 18% used [0x0000000080000000,0x0000000081973b00,0x0000000088700000)
 Metaspace       used 56586K, capacity 58960K, committed 59096K, reserved 1099776K
  class space    used 7436K, capacity 7890K, committed 7936K, reserved 1048576K
}
Event: 11.614 GC heap before
{Heap before GC invocations=13 (full 3):
 PSYoungGen      total 219648K, used 18921K [0x00000000d5580000, 0x00000000e5b80000, 0x0000000100000000)
  eden space 200704K, 0% used [0x00000000d5580000,0x00000000d5580000,0x00000000e1980000)
  from space 18944K, 99% used [0x00000000e2f00000,0x00000000e417a5e0,0x00000000e4180000)
  to   space 22016K, 0% used [0x00000000e1980000,0x00000000e1980000,0x00000000e2f00000)
 ParOldGen       total 138240K, used 26062K [0x0000000080000000, 0x0000000088700000, 0x00000000d5580000)
  object space 138240K, 18% used [0x0000000080000000,0x0000000081973b00,0x0000000088700000)
 Metaspace       used 56586K, capacity 58960K, committed 59096K, reserved 1099776K
  class space    used 7436K, capacity 7890K, committed 7936K, reserved 1048576K
Event: 11.735 GC heap after
Heap after GC invocations=13 (full 3):
 PSYoungGen      total 219648K, used 0K [0x00000000d5580000, 0x00000000e5b80000, 0x0000000100000000)
  eden space 200704K, 0% used [0x00000000d5580000,0x00000000d5580000,0x00000000e1980000)
  from space 18944K, 0% used [0x00000000e2f00000,0x00000000e2f00000,0x00000000e4180000)
  to   space 22016K, 0% used [0x00000000e1980000,0x00000000e1980000,0x00000000e2f00000)
 ParOldGen       total 205824K, used 33229K [0x0000000080000000, 0x000000008c900000, 0x00000000d5580000)
  object space 205824K, 16% used [0x0000000080000000,0x00000000820734d0,0x000000008c900000)
 Metaspace       used 56511K, capacity 58760K, committed 59096K, reserved 1099776K
  class space    used 7416K, capacity 7862K, committed 7936K, reserved 1048576K
}

