# JRE version: OpenJDK Runtime Environment (8.0_242-b01) (build 1.8.0_242-release-1644-b01)
# Java VM: OpenJDK 64-Bit Server VM (25.242-b01 mixed mode windows-amd64 compressed oops)
Heap:
 PSYoungGen      total 485376K, used 11423K [0x00000000d5580000, 0x00000000f6280000, 0x0000000100000000)
  eden space 440832K, 0% used [0x00000000d5580000,0x00000000d5580000,0x00000000f0400000)
  from space 44544K, 25% used [0x00000000f2e80000,0x00000000f39a7c18,0x00000000f5a00000)
  to   space 43520K, 0% used [0x00000000f0400000,0x00000000f0400000,0x00000000f2e80000)
 ParOldGen       total 214528K, used 88328K [0x0000000080000000, 0x000000008d180000, 0x00000000d5580000)
  object space 214528K, 41% used [0x0000000080000000,0x0000000085642368,0x000000008d180000)
 Metaspace       used 93353K, capacity 98362K, committed 98496K, reserved 1134592K
  class space    used 12342K, capacity 13323K, committed 13440K, reserved 1048576K
GC Heap History (10 events):
Event: 5.820 GC heap after
Heap after GC invocations=11 (full 3):
 PSYoungGen      total 342528K, used 0K [0x00000000d5580000, 0x00000000ec180000, 0x0000000100000000)
  eden space 324608K, 0% used [0x00000000d5580000,0x00000000d5580000,0x00000000e9280000)
  from space 17920K, 0% used [0x00000000ea980000,0x00000000ea980000,0x00000000ebb00000)
  to   space 23552K, 0% used [0x00000000e9280000,0x00000000e9280000,0x00000000ea980000)
 ParOldGen       total 214528K, used 37830K [0x0000000080000000, 0x000000008d180000, 0x00000000d5580000)
  object space 214528K, 17% used [0x0000000080000000,0x00000000824f1a38,0x000000008d180000)
 Metaspace       used 56563K, capacity 58760K, committed 59096K, reserved 1099776K
  class space    used 7408K, capacity 7862K, committed 7936K, reserved 1048576K
}
Event: 8.252 GC heap before
{Heap before GC invocations=12 (full 3):
 PSYoungGen      total 342528K, used 324608K [0x00000000d5580000, 0x00000000ec180000, 0x0000000100000000)
  eden space 324608K, 100% used [0x00000000d5580000,0x00000000e9280000,0x00000000e9280000)
  from space 17920K, 0% used [0x00000000ea980000,0x00000000ea980000,0x00000000ebb00000)
  to   space 23552K, 0% used [0x00000000e9280000,0x00000000e9280000,0x00000000ea980000)
 ParOldGen       total 214528K, used 37830K [0x0000000080000000, 0x000000008d180000, 0x00000000d5580000)
  object space 214528K, 17% used [0x0000000080000000,0x00000000824f1a38,0x000000008d180000)
 Metaspace       used 73058K, capacity 76724K, committed 76888K, reserved 1116160K
  class space    used 9895K, capacity 10584K, committed 10624K, reserved 1048576K
Event: 8.274 GC heap after
Heap after GC invocations=12 (full 3):
 PSYoungGen      total 348160K, used 23546K [0x00000000d5580000, 0x00000000f0a80000, 0x0000000100000000)
  eden space 324608K, 0% used [0x00000000d5580000,0x00000000d5580000,0x00000000e9280000)
  from space 23552K, 99% used [0x00000000e9280000,0x00000000ea97e8e0,0x00000000ea980000)
  to   space 29696K, 0% used [0x00000000eed80000,0x00000000eed80000,0x00000000f0a80000)
 ParOldGen       total 214528K, used 44269K [0x0000000080000000, 0x000000008d180000, 0x00000000d5580000)
  object space 214528K, 20% used [0x0000000080000000,0x0000000082b3b520,0x000000008d180000)
 Metaspace       used 73058K, capacity 76724K, committed 76888K, reserved 1116160K
  class space    used 9895K, capacity 10584K, committed 10624K, reserved 1048576K
}
Event: 10.369 GC heap before
{Heap before GC invocations=13 (full 3):
 PSYoungGen      total 348160K, used 348154K [0x00000000d5580000, 0x00000000f0a80000, 0x0000000100000000)
  eden space 324608K, 100% used [0x00000000d5580000,0x00000000e9280000,0x00000000e9280000)
  from space 23552K, 99% used [0x00000000e9280000,0x00000000ea97e8e0,0x00000000ea980000)
  to   space 29696K, 0% used [0x00000000eed80000,0x00000000eed80000,0x00000000f0a80000)
 ParOldGen       total 214528K, used 44269K [0x0000000080000000, 0x000000008d180000, 0x00000000d5580000)
  object space 214528K, 20% used [0x0000000080000000,0x0000000082b3b520,0x000000008d180000)
 Metaspace       used 87337K, capacity 91902K, committed 92120K, reserved 1128448K
  class space    used 11805K, capacity 12699K, committed 12800K, reserved 1048576K
Event: 10.401 GC heap after
Heap after GC invocations=13 (full 3):
 PSYoungGen      total 408064K, used 29683K [0x00000000d5580000, 0x00000000f1d00000, 0x0000000100000000)
  eden space 378368K, 0% used [0x00000000d5580000,0x00000000d5580000,0x00000000ec700000)
  from space 29696K, 99% used [0x00000000eed80000,0x00000000f0a7cd98,0x00000000f0a80000)
  to   space 39424K, 0% used [0x00000000ec700000,0x00000000ec700000,0x00000000eed80000)
 ParOldGen       total 214528K, used 59466K [0x0000000080000000, 0x000000008d180000, 0x00000000d5580000)
  object space 214528K, 27% used [0x0000000080000000,0x0000000083a12a88,0x000000008d180000)
 Metaspace       used 87337K, capacity 91902K, committed 92120K, reserved 1128448K
  class space    used 11805K, capacity 12699K, committed 12800K, reserved 1048576K
}
Event: 29.597 GC heap before
{Heap before GC invocations=14 (full 3):
 PSYoungGen      total 408064K, used 408051K [0x00000000d5580000, 0x00000000f1d00000, 0x0000000100000000)
  eden space 378368K, 100% used [0x00000000d5580000,0x00000000ec700000,0x00000000ec700000)
  from space 29696K, 99% used [0x00000000eed80000,0x00000000f0a7cd98,0x00000000f0a80000)
  to   space 39424K, 0% used [0x00000000ec700000,0x00000000ec700000,0x00000000eed80000)
 ParOldGen       total 214528K, used 59466K [0x0000000080000000, 0x000000008d180000, 0x00000000d5580000)
  object space 214528K, 27% used [0x0000000080000000,0x0000000083a12a88,0x000000008d180000)
 Metaspace       used 92898K, capacity 97766K, committed 98008K, reserved 1134592K
  class space    used 12286K, capacity 13207K, committed 13312K, reserved 1048576K
Event: 29.636 GC heap after
Heap after GC invocations=14 (full 3):
 PSYoungGen      total 417792K, used 37555K [0x00000000d5580000, 0x00000000f5a00000, 0x0000000100000000)
  eden space 378368K, 0% used [0x00000000d5580000,0x00000000d5580000,0x00000000ec700000)
  from space 39424K, 95% used [0x00000000ec700000,0x00000000eebacf40,0x00000000eed80000)
  to   space 44544K, 0% used [0x00000000f2e80000,0x00000000f2e80000,0x00000000f5a00000)
 ParOldGen       total 214528K, used 88320K [0x0000000080000000, 0x000000008d180000, 0x00000000d5580000)
  object space 214528K, 41% used [0x0000000080000000,0x0000000085640368,0x000000008d180000)
 Metaspace       used 92898K, capacity 97766K, committed 98008K, reserved 1134592K
  class space    used 12286K, capacity 13207K, committed 13312K, reserved 1048576K
}
Event: 30.298 GC heap before
{Heap before GC invocations=15 (full 3):
 PSYoungGen      total 417792K, used 109258K [0x00000000d5580000, 0x00000000f5a00000, 0x0000000100000000)
  eden space 378368K, 18% used [0x00000000d5580000,0x00000000d9b85cb8,0x00000000ec700000)
  from space 39424K, 95% used [0x00000000ec700000,0x00000000eebacf40,0x00000000eed80000)
  to   space 44544K, 0% used [0x00000000f2e80000,0x00000000f2e80000,0x00000000f5a00000)
 ParOldGen       total 214528K, used 88320K [0x0000000080000000, 0x000000008d180000, 0x00000000d5580000)
  object space 214528K, 41% used [0x0000000080000000,0x0000000085640368,0x000000008d180000)
 Metaspace       used 93353K, capacity 98362K, committed 98496K, reserved 1134592K
  class space    used 12342K, capacity 13323K, committed 13440K, reserved 1048576K
Event: 30.314 GC heap after
Heap after GC invocations=15 (full 3):
 PSYoungGen      total 485376K, used 11423K [0x00000000d5580000, 0x00000000f6280000, 0x0000000100000000)
  eden space 440832K, 0% used [0x00000000d5580000,0x00000000d5580000,0x00000000f0400000)
  from space 44544K, 25% used [0x00000000f2e80000,0x00000000f39a7c18,0x00000000f5a00000)
  to   space 43520K, 0% used [0x00000000f0400000,0x00000000f0400000,0x00000000f2e80000)
 ParOldGen       total 214528K, used 88328K [0x0000000080000000, 0x000000008d180000, 0x00000000d5580000)
  object space 214528K, 41% used [0x0000000080000000,0x0000000085642368,0x000000008d180000)
 Metaspace       used 93353K, capacity 98362K, committed 98496K, reserved 1134592K
  class space    used 12342K, capacity 13323K, committed 13440K, reserved 1048576K
}
Event: 30.314 GC heap before
{Heap before GC invocations=16 (full 4):
 PSYoungGen      total 485376K, used 11423K [0x00000000d5580000, 0x00000000f6280000, 0x0000000100000000)
  eden space 440832K, 0% used [0x00000000d5580000,0x00000000d5580000,0x00000000f0400000)
  from space 44544K, 25% used [0x00000000f2e80000,0x00000000f39a7c18,0x00000000f5a00000)
  to   space 43520K, 0% used [0x00000000f0400000,0x00000000f0400000,0x00000000f2e80000)
 ParOldGen       total 214528K, used 88328K [0x0000000080000000, 0x000000008d180000, 0x00000000d5580000)
  object space 214528K, 41% used [0x0000000080000000,0x0000000085642368,0x000000008d180000)
 Metaspace       used 93353K, capacity 98362K, committed 98496K, reserved 1134592K
  class space    used 12342K, capacity 13323K, committed 13440K, reserved 1048576K

