# JRE version: OpenJDK Runtime Environment (8.0_242-b01) (build 1.8.0_242-release-1644-b01)
# Java VM: OpenJDK 64-Bit Server VM (25.242-b01 mixed mode windows-amd64 compressed oops)
Heap:
 PSYoungGen      total 141824K, used 91041K [0x000000076af80000, 0x0000000778080000, 0x00000007c0000000)
  eden space 131072K, 69% used [0x000000076af80000,0x0000000770868500,0x0000000772f80000)
  from space 10752K, 0% used [0x0000000772f80000,0x0000000772f80000,0x0000000773a00000)
  to   space 10752K, 0% used [0x0000000777600000,0x0000000777600000,0x0000000778080000)
 ParOldGen       total 200704K, used 28000K [0x00000006c0e00000, 0x00000006cd200000, 0x000000076af80000)
  object space 200704K, 13% used [0x00000006c0e00000,0x00000006c2958168,0x00000006cd200000)
 Metaspace       used 41418K, capacity 42150K, committed 42416K, reserved 1087488K
  class space    used 5126K, capacity 5292K, committed 5296K, reserved 1048576K
GC Heap History (10 events):
Event: 0.809 GC heap before
{Heap before GC invocations=1 (full 0):
 PSYoungGen      total 76288K, used 65536K [0x000000076af80000, 0x0000000770480000, 0x00000007c0000000)
  eden space 65536K, 100% used [0x000000076af80000,0x000000076ef80000,0x000000076ef80000)
  from space 10752K, 0% used [0x000000076fa00000,0x000000076fa00000,0x0000000770480000)
  to   space 10752K, 0% used [0x000000076ef80000,0x000000076ef80000,0x000000076fa00000)
 ParOldGen       total 175104K, used 0K [0x00000006c0e00000, 0x00000006cb900000, 0x000000076af80000)
  object space 175104K, 0% used [0x00000006c0e00000,0x00000006c0e00000,0x00000006cb900000)
 Metaspace       used 15536K, capacity 15874K, committed 16000K, reserved 1062912K
  class space    used 1808K, capacity 1913K, committed 1920K, reserved 1048576K
Event: 0.819 GC heap after
Heap after GC invocations=1 (full 0):
 PSYoungGen      total 76288K, used 10730K [0x000000076af80000, 0x0000000774480000, 0x00000007c0000000)
  eden space 65536K, 0% used [0x000000076af80000,0x000000076af80000,0x000000076ef80000)
  from space 10752K, 99% used [0x000000076ef80000,0x000000076f9faba8,0x000000076fa00000)
  to   space 10752K, 0% used [0x0000000773a00000,0x0000000773a00000,0x0000000774480000)
 ParOldGen       total 175104K, used 4596K [0x00000006c0e00000, 0x00000006cb900000, 0x000000076af80000)
  object space 175104K, 2% used [0x00000006c0e00000,0x00000006c127d000,0x00000006cb900000)
 Metaspace       used 15536K, capacity 15874K, committed 16000K, reserved 1062912K
  class space    used 1808K, capacity 1913K, committed 1920K, reserved 1048576K
}
Event: 1.033 GC heap before
{Heap before GC invocations=2 (full 0):
 PSYoungGen      total 76288K, used 32420K [0x000000076af80000, 0x0000000774480000, 0x00000007c0000000)
  eden space 65536K, 33% used [0x000000076af80000,0x000000076c4ae808,0x000000076ef80000)
  from space 10752K, 99% used [0x000000076ef80000,0x000000076f9faba8,0x000000076fa00000)
  to   space 10752K, 0% used [0x0000000773a00000,0x0000000773a00000,0x0000000774480000)
 ParOldGen       total 175104K, used 4596K [0x00000006c0e00000, 0x00000006cb900000, 0x000000076af80000)
  object space 175104K, 2% used [0x00000006c0e00000,0x00000006c127d000,0x00000006cb900000)
 Metaspace       used 20790K, capacity 21184K, committed 21296K, reserved 1069056K
  class space    used 2456K, capacity 2594K, committed 2608K, reserved 1048576K
Event: 1.039 GC heap after
Heap after GC invocations=2 (full 0):
 PSYoungGen      total 141824K, used 9725K [0x000000076af80000, 0x0000000774480000, 0x00000007c0000000)
  eden space 131072K, 0% used [0x000000076af80000,0x000000076af80000,0x0000000772f80000)
  from space 10752K, 90% used [0x0000000773a00000,0x000000077437f4d8,0x0000000774480000)
  to   space 10752K, 0% used [0x0000000772f80000,0x0000000772f80000,0x0000000773a00000)
 ParOldGen       total 175104K, used 4668K [0x00000006c0e00000, 0x00000006cb900000, 0x000000076af80000)
  object space 175104K, 2% used [0x00000006c0e00000,0x00000006c128f010,0x00000006cb900000)
 Metaspace       used 20790K, capacity 21184K, committed 21296K, reserved 1069056K
  class space    used 2456K, capacity 2594K, committed 2608K, reserved 1048576K
}
Event: 1.039 GC heap before
{Heap before GC invocations=3 (full 1):
 PSYoungGen      total 141824K, used 9725K [0x000000076af80000, 0x0000000774480000, 0x00000007c0000000)
  eden space 131072K, 0% used [0x000000076af80000,0x000000076af80000,0x0000000772f80000)
  from space 10752K, 90% used [0x0000000773a00000,0x000000077437f4d8,0x0000000774480000)
  to   space 10752K, 0% used [0x0000000772f80000,0x0000000772f80000,0x0000000773a00000)
 ParOldGen       total 175104K, used 4668K [0x00000006c0e00000, 0x00000006cb900000, 0x000000076af80000)
  object space 175104K, 2% used [0x00000006c0e00000,0x00000006c128f010,0x00000006cb900000)
 Metaspace       used 20790K, capacity 21184K, committed 21296K, reserved 1069056K
  class space    used 2456K, capacity 2594K, committed 2608K, reserved 1048576K
Event: 1.061 GC heap after
Heap after GC invocations=3 (full 1):
 PSYoungGen      total 141824K, used 0K [0x000000076af80000, 0x0000000774480000, 0x00000007c0000000)
  eden space 131072K, 0% used [0x000000076af80000,0x000000076af80000,0x0000000772f80000)
  from space 10752K, 0% used [0x0000000773a00000,0x0000000773a00000,0x0000000774480000)
  to   space 10752K, 0% used [0x0000000772f80000,0x0000000772f80000,0x0000000773a00000)
 ParOldGen       total 114176K, used 9490K [0x00000006c0e00000, 0x00000006c7d80000, 0x000000076af80000)
  object space 114176K, 8% used [0x00000006c0e00000,0x00000006c17449b0,0x00000006c7d80000)
 Metaspace       used 20790K, capacity 21184K, committed 21296K, reserved 1069056K
  class space    used 2456K, capacity 2594K, committed 2608K, reserved 1048576K
}
Event: 1.943 GC heap before
{Heap before GC invocations=4 (full 1):
 PSYoungGen      total 141824K, used 95933K [0x000000076af80000, 0x0000000774480000, 0x00000007c0000000)
  eden space 131072K, 73% used [0x000000076af80000,0x0000000770d2f4e0,0x0000000772f80000)
  from space 10752K, 0% used [0x0000000773a00000,0x0000000773a00000,0x0000000774480000)
  to   space 10752K, 0% used [0x0000000772f80000,0x0000000772f80000,0x0000000773a00000)
 ParOldGen       total 114176K, used 9490K [0x00000006c0e00000, 0x00000006c7d80000, 0x000000076af80000)
  object space 114176K, 8% used [0x00000006c0e00000,0x00000006c17449b0,0x00000006c7d80000)
 Metaspace       used 34647K, capacity 35180K, committed 35496K, reserved 1081344K
  class space    used 4414K, capacity 4551K, committed 4656K, reserved 1048576K
Event: 1.955 GC heap after
Heap after GC invocations=4 (full 1):
 PSYoungGen      total 141824K, used 10734K [0x000000076af80000, 0x0000000778080000, 0x00000007c0000000)
  eden space 131072K, 0% used [0x000000076af80000,0x000000076af80000,0x0000000772f80000)
  from space 10752K, 99% used [0x0000000772f80000,0x00000007739fba80,0x0000000773a00000)
  to   space 10752K, 0% used [0x0000000777600000,0x0000000777600000,0x0000000778080000)
 ParOldGen       total 114176K, used 21508K [0x00000006c0e00000, 0x00000006c7d80000, 0x000000076af80000)
  object space 114176K, 18% used [0x00000006c0e00000,0x00000006c23010d8,0x00000006c7d80000)
 Metaspace       used 34647K, capacity 35180K, committed 35496K, reserved 1081344K
  class space    used 4414K, capacity 4551K, committed 4656K, reserved 1048576K
}
Event: 1.955 GC heap before
{Heap before GC invocations=5 (full 2):
 PSYoungGen      total 141824K, used 10734K [0x000000076af80000, 0x0000000778080000, 0x00000007c0000000)
  eden space 131072K, 0% used [0x000000076af80000,0x000000076af80000,0x0000000772f80000)
  from space 10752K, 99% used [0x0000000772f80000,0x00000007739fba80,0x0000000773a00000)
  to   space 10752K, 0% used [0x0000000777600000,0x0000000777600000,0x0000000778080000)
 ParOldGen       total 114176K, used 21508K [0x00000006c0e00000, 0x00000006c7d80000, 0x000000076af80000)
  object space 114176K, 18% used [0x00000006c0e00000,0x00000006c23010d8,0x00000006c7d80000)
 Metaspace       used 34647K, capacity 35180K, committed 35496K, reserved 1081344K
  class space    used 4414K, capacity 4551K, committed 4656K, reserved 1048576K
Event: 1.985 GC heap after
Heap after GC invocations=5 (full 2):
 PSYoungGen      total 141824K, used 0K [0x000000076af80000, 0x0000000778080000, 0x00000007c0000000)
  eden space 131072K, 0% used [0x000000076af80000,0x000000076af80000,0x0000000772f80000)
  from space 10752K, 0% used [0x0000000772f80000,0x0000000772f80000,0x0000000773a00000)
  to   space 10752K, 0% used [0x0000000777600000,0x0000000777600000,0x0000000778080000)
 ParOldGen       total 200704K, used 28000K [0x00000006c0e00000, 0x00000006cd200000, 0x000000076af80000)
  object space 200704K, 13% used [0x00000006c0e00000,0x00000006c2958168,0x00000006cd200000)
 Metaspace       used 34647K, capacity 35180K, committed 35496K, reserved 1081344K
  class space    used 4414K, capacity 4551K, committed 4656K, reserved 1048576K
}

